Warning: Design 'dnn_hw_top' has '451' unresolved references. For more detailed information, use the "link" command. (UID-341)
 
****************************************
Report : area
Design : dnn_hw_top
Version: L-2016.03-SP3
Date   : Sun Oct 10 11:16:52 2021
****************************************

Library(s) Used:

    NangateOpenCellLibrary (File: /nfs/sc/disks/mvds_nn_arch_disk001/araha/papers_patents/synthesis/NangateOpenCellLibrary/NangateOpenCellLibrary.db)

Number of ports:                        53688
Number of nets:                        156665
Number of cells:                        95339
Number of combinational cells:          69911
Number of sequential cells:             23776
Number of macros/black boxes:               0
Number of buf/inv:                      22445
Number of references:                       3

Combinational area:              65343.698691
Buf/Inv area:                    12173.756094
Noncombinational area:          102423.296285
Macro/Black Box area:                0.000000
Net Interconnect area:      undefined  (Wire load has zero net area)

Total cell area:                167766.994976
Total area:                 undefined

Information: This design contains black box (unknown) components. (RPT-8)
1
