 
****************************************
Report : power
        -analysis_effort high
Design : dnn_hw_top
Version: L-2016.03-SP3
Date   : Sun Oct 10 11:17:10 2021
****************************************


Library(s) Used:

    NangateOpenCellLibrary (File: /nfs/sc/disks/mvds_nn_arch_disk001/araha/papers_patents/synthesis/NangateOpenCellLibrary/NangateOpenCellLibrary.db)


Operating Conditions: typical   Library: NangateOpenCellLibrary
Wire Load Model Mode: top

Design        Wire Load Model            Library
------------------------------------------------
dnn_hw_top             5K_hvratio_1_1    NangateOpenCellLibrary


Global Operating Voltage = 1.1  
Power-specific unit information :
    Voltage Units = 1V
    Capacitance Units = 1.000000ff
    Time Units = 1ns
    Dynamic Power Units = 1uW    (derived from V,C,T units)
    Leakage Power Units = 1nW


  Cell Internal Power  = 118.1171 mW   (85%)
  Net Switching Power  =  20.8937 mW   (15%)
                         ---------
Total Dynamic Power    = 139.0108 mW  (100%)

Cell Leakage Power     =   3.4602 mW


                 Internal         Switching           Leakage            Total
Power Group      Power            Power               Power              Power   (   %    )  Attrs
--------------------------------------------------------------------------------------------------
io_pad             0.0000            0.0000            0.0000            0.0000  (   0.00%)
memory             0.0000            0.0000            0.0000            0.0000  (   0.00%)
black_box          0.0000            0.0000            0.0000            0.0000  (   0.00%)
clock_network  7.4571e+03        1.5944e+04        1.4238e+06        2.4823e+04  (  17.42%)
register       1.0986e+05        2.7576e+03        1.7772e+06        1.1440e+05  (  80.30%)
sequential         0.0000            0.0000            0.0000            0.0000  (   0.00%)
combinational    786.6590        2.1943e+03        2.5921e+05        3.2402e+03  (   2.27%)
--------------------------------------------------------------------------------------------------
Total          1.1811e+05 uW     2.0896e+04 uW     3.4602e+06 nW     1.4246e+05 uW
1
