 
****************************************
Report : area
Design : dnn_hw_top
Version: L-2016.03-SP3
Date   : Mon Oct 11 14:52:24 2021
****************************************

Library(s) Used:

    NangateOpenCellLibrary (File: /nfs/sc/disks/mvds_nn_arch_disk001/araha/papers_patents/synthesis/NangateOpenCellLibrary/NangateOpenCellLibrary.db)

Number of ports:                       128954
Number of nets:                        359672
Number of cells:                       222448
Number of combinational cells:         173264
Number of sequential cells:             44829
Number of macros/black boxes:               0
Number of buf/inv:                      60863
Number of references:                       3

Combinational area:             175232.555484
Buf/Inv area:                    36521.799896
Noncombinational area:          216144.678629
Macro/Black Box area:                0.000000
Net Interconnect area:      undefined  (Wire load has zero net area)

Total cell area:                391377.234113
Total area:                 undefined
1
