Warning: Design 'dnn_hw_top' has '450' unresolved references. For more detailed information, use the "link" command. (UID-341)
 
****************************************
Report : area
Design : dnn_hw_top
Version: L-2016.03-SP3
Date   : Mon Oct 11 09:35:06 2021
****************************************

Library(s) Used:

    NangateOpenCellLibrary (File: /nfs/sc/disks/mvds_nn_arch_disk001/araha/papers_patents/synthesis/NangateOpenCellLibrary/NangateOpenCellLibrary.db)

Number of ports:                        75179
Number of nets:                        200138
Number of cells:                       122577
Number of combinational cells:          94993
Number of sequential cells:             25479
Number of macros/black boxes:               0
Number of buf/inv:                      37646
Number of references:                       3

Combinational area:              88028.178915
Buf/Inv area:                    22174.823978
Noncombinational area:          110720.899994
Macro/Black Box area:                0.000000
Net Interconnect area:      undefined  (Wire load has zero net area)

Total cell area:                198749.078908
Total area:                 undefined

Information: This design contains black box (unknown) components. (RPT-8)
1
